# JRE version: OpenJDK Runtime Environment Temurin-11.0.14.1+1 (11.0.14.1+1) (build 11.0.14.1+1)
# Java VM: OpenJDK 64-Bit Server VM Temurin-11.0.14.1+1 (11.0.14.1+1, mixed mode, tiered, compressed oops, g1 gc, windows-amd64)
Heap:
 garbage-first heap   total 76800K, used 12679K [0x00000000c3600000, 0x0000000100000000)
  region size 1024K, 11 young (11264K), 4 survivors (4096K)
 Metaspace       used 21081K, capacity 21466K, committed 21632K, reserved 1069056K
  class space    used 2214K, capacity 2324K, committed 2432K, reserved 1048576K
GC Heap History (10 events):
Event: 1.215 GC heap before
{Heap before GC invocations=0 (full 0):
 garbage-first heap   total 63488K, used 6144K [0x00000000c3600000, 0x0000000100000000)
  region size 1024K, 7 young (7168K), 0 survivors (0K)
 Metaspace       used 9247K, capacity 9425K, committed 9600K, reserved 1058816K
  class space    used 815K, capacity 887K, committed 896K, reserved 1048576K
}
Event: 1.223 GC heap after
{Heap after GC invocations=1 (full 0):
 garbage-first heap   total 63488K, used 2677K [0x00000000c3600000, 0x0000000100000000)
  region size 1024K, 1 young (1024K), 1 survivors (1024K)
 Metaspace       used 9247K, capacity 9425K, committed 9600K, reserved 1058816K
  class space    used 815K, capacity 887K, committed 896K, reserved 1048576K
}
Event: 1.427 GC heap before
{Heap before GC invocations=1 (full 0):
 garbage-first heap   total 63488K, used 4725K [0x00000000c3600000, 0x0000000100000000)
  region size 1024K, 3 young (3072K), 1 survivors (1024K)
 Metaspace       used 9921K, capacity 10144K, committed 10240K, reserved 1058816K
  class space    used 881K, capacity 956K, committed 1024K, reserved 1048576K
}
Event: 1.432 GC heap after
{Heap after GC invocations=2 (full 0):
 garbage-first heap   total 63488K, used 3067K [0x00000000c3600000, 0x0000000100000000)
  region size 1024K, 1 young (1024K), 1 survivors (1024K)
 Metaspace       used 9921K, capacity 10144K, committed 10240K, reserved 1058816K
  class space    used 881K, capacity 956K, committed 1024K, reserved 1048576K
}
Event: 2.333 GC heap before
{Heap before GC invocations=2 (full 0):
 garbage-first heap   total 63488K, used 12283K [0x00000000c3600000, 0x0000000100000000)
  region size 1024K, 11 young (11264K), 1 survivors (1024K)
 Metaspace       used 13261K, capacity 13565K, committed 13696K, reserved 1060864K
  class space    used 1293K, capacity 1394K, committed 1408K, reserved 1048576K
}
Event: 2.342 GC heap after
{Heap after GC invocations=3 (full 0):
 garbage-first heap   total 63488K, used 3891K [0x00000000c3600000, 0x0000000100000000)
  region size 1024K, 2 young (2048K), 2 survivors (2048K)
 Metaspace       used 13261K, capacity 13565K, committed 13696K, reserved 1060864K
  class space    used 1293K, capacity 1394K, committed 1408K, reserved 1048576K
}
Event: 3.372 GC heap before
{Heap before GC invocations=3 (full 0):
 garbage-first heap   total 63488K, used 26419K [0x00000000c3600000, 0x0000000100000000)
  region size 1024K, 24 young (24576K), 2 survivors (2048K)
 Metaspace       used 15470K, capacity 15754K, committed 16000K, reserved 1062912K
  class space    used 1555K, capacity 1627K, committed 1664K, reserved 1048576K
}
Event: 3.379 GC heap after
{Heap after GC invocations=4 (full 0):
 garbage-first heap   total 63488K, used 4719K [0x00000000c3600000, 0x0000000100000000)
  region size 1024K, 2 young (2048K), 2 survivors (2048K)
 Metaspace       used 15470K, capacity 15754K, committed 16000K, reserved 1062912K
  class space    used 1555K, capacity 1627K, committed 1664K, reserved 1048576K
}
Event: 5.610 GC heap before
{Heap before GC invocations=4 (full 0):
 garbage-first heap   total 63488K, used 32367K [0x00000000c3600000, 0x0000000100000000)
  region size 1024K, 30 young (30720K), 2 survivors (2048K)
 Metaspace       used 20756K, capacity 21107K, committed 21248K, reserved 1069056K
  class space    used 2185K, capacity 2291K, committed 2304K, reserved 1048576K
}
Event: 5.633 GC heap after
{Heap after GC invocations=5 (full 0):
 garbage-first heap   total 76800K, used 6535K [0x00000000c3600000, 0x0000000100000000)
  region size 1024K, 4 young (4096K), 4 survivors (4096K)
 Metaspace       used 20756K, capacity 21107K, committed 21248K, reserved 1069056K
  class space    used 2185K, capacity 2291K, committed 2304K, reserved 1048576K
}

